Build started 23/06/2019 11:52:05 PM.
     1>Project "C:\Users\natha\OneDrive\Desktop\Hell_dimension_game\Game Project\Game Project\Game Project.vcxproj" on node 2 (Build target(s)).
     1>Link:
         C:\Program Files (x86)\Microsoft Visual Studio 12.0\VC\bin\link.exe /ERRORREPORT:PROMPT /OUT:"C:\Users\natha\OneDrive\Desktop\Hell_dimension_game\Game Project\Debug\Game Project.exe" /INCREMENTAL /NOLOGO SDL2.lib SDL2main.lib SDL2_image.lib SDL2_ttf.lib SDL2_mixer.lib kernel32.lib user32.lib gdi32.lib winspool.lib comdlg32.lib advapi32.lib shell32.lib ole32.lib oleaut32.lib uuid.lib odbc32.lib odbccp32.lib /MANIFEST /MANIFESTUAC:"level='asInvoker' uiAccess='false'" /manifest:embed /DEBUG /PDB:"C:\Users\natha\OneDrive\Desktop\Hell_dimension_game\Game Project\Debug\Game Project.pdb" /SUBSYSTEM:CONSOLE /TLBID:1 /DYNAMICBASE /NXCOMPAT /IMPLIB:"C:\Users\natha\OneDrive\Desktop\Hell_dimension_game\Game Project\Debug\Game Project.lib" /MACHINE:X86 Debug\Animation.obj
         Debug\Bullet.obj
         Debug\ChaseGameState.obj
         Debug\Chaser.obj
         Debug\Entity.obj
         Debug\GameControllerHandler.obj
         Debug\GameState.obj
         Debug\GameStateMachine.obj
         Debug\Globals.obj
         Debug\Hero.obj
         Debug\IdleGameState.obj
         Debug\InputHandler.obj
         Debug\KeyboardHandler.obj
         Debug\main.obj
         Debug\MouseHandler.obj
         Debug\SoundManager.obj
         Debug\Vector.obj
         Debug\Wall.obj
         Game Project.vcxproj -> C:\Users\natha\OneDrive\Desktop\Hell_dimension_game\Game Project\Debug\Game Project.exe
     1>Done Building Project "C:\Users\natha\OneDrive\Desktop\Hell_dimension_game\Game Project\Game Project\Game Project.vcxproj" (Build target(s)).

Build succeeded.

Time Elapsed 00:00:00.42
