d:\users\7384\downloads\game project\game project\debug\vc120.pdb
d:\users\7384\downloads\game project\game project\debug\vc120.idb
d:\users\7384\downloads\game project\game project\debug\vector.obj
d:\users\7384\downloads\game project\game project\debug\main.obj
d:\users\7384\downloads\game project\game project\debug\animation.obj
d:\users\7384\downloads\game project\game project\debug\ball.obj
d:\users\7384\downloads\game project\game project\debug\bullet.obj
d:\users\7384\downloads\game project\game project\debug\cameramanager.obj
d:\users\7384\downloads\game project\game project\debug\chasegamestate.obj
d:\users\7384\downloads\game project\game project\debug\chaser.obj
d:\users\7384\downloads\game project\game project\debug\entity.obj
d:\users\7384\downloads\game project\game project\debug\gamecontrollerhandler.obj
d:\users\7384\downloads\game project\game project\debug\gamestate.obj
d:\users\7384\downloads\game project\game project\debug\gamestatemachine.obj
d:\users\7384\downloads\game project\game project\debug\globals.obj
d:\users\7384\downloads\game project\game project\debug\hero.obj
d:\users\7384\downloads\game project\game project\debug\idlegamestate.obj
d:\users\7384\downloads\game project\game project\debug\inputhandler.obj
d:\users\7384\downloads\game project\game project\debug\keyboardhandler.obj
d:\users\7384\downloads\game project\game project\debug\mousehandler.obj
d:\users\7384\downloads\game project\game project\debug\soundmanager.obj
d:\users\7384\downloads\game project\game project\debug\wall.obj
d:\users\7384\downloads\game project\game project\debug\game project.pdb
d:\users\7384\downloads\game project\debug\game project.pdb
d:\users\7384\downloads\game project\game project\debug\game project.tlog\cl.command.1.tlog
d:\users\7384\downloads\game project\game project\debug\game project.tlog\cl.read.1.tlog
d:\users\7384\downloads\game project\game project\debug\game project.tlog\cl.write.1.tlog
d:\users\7384\downloads\game project\game project\debug\game project.tlog\link-cvtres.read.1.tlog
d:\users\7384\downloads\game project\game project\debug\game project.tlog\link-cvtres.write.1.tlog
d:\users\7384\downloads\game project\game project\debug\game project.tlog\link-rc.read.1.tlog
d:\users\7384\downloads\game project\game project\debug\game project.tlog\link-rc.write.1.tlog
d:\users\7384\downloads\game project\game project\debug\game project.tlog\link.command.1.tlog
d:\users\7384\downloads\game project\game project\debug\game project.tlog\link.read.1.tlog
d:\users\7384\downloads\game project\game project\debug\game project.tlog\link.write.1.tlog
